2025-07-23 01:08:36 - Key: d
2025-07-23 01:08:38 - Key: s
2025-07-23 01:08:39 - Key: d
2025-07-23 01:08:40 - Key: a
2025-07-23 01:08:41 - Key: d
2025-07-23 01:08:41 - Key: a
2025-07-23 01:08:42 - Key: e
2025-07-23 01:08:42 - Key: d
2025-07-23 01:08:42 - Key: g
2025-07-23 01:08:42 - Key: t
2025-07-23 01:08:42 - Key: j
2025-07-23 01:08:42 - Key: f
2025-07-23 01:08:43 - Key: w
2025-07-23 01:08:43 - Key: e
2025-07-23 01:08:44 - Special Key: Key.alt_l
2025-07-23 01:08:44 - Special Key: Key.tab
2025-07-23 01:08:45 - Special Key: Key.alt_l
2025-07-23 01:08:45 - Special Key: Key.tab
2025-07-23 01:08:47 - Special Key: Key.alt_l
2025-07-23 01:08:47 - Special Key: Key.tab
2025-07-23 01:08:49 - Special Key: Key.alt_l
2025-07-23 01:08:49 - Special Key: Key.tab
2025-07-23 01:09:12 - Key: f
2025-07-23 01:09:13 - Key: d
2025-07-23 01:09:13 - Key: f
2025-07-23 01:09:13 - Key: e
2025-07-23 01:09:14 - Key: f
2025-07-23 01:09:14 - Key: e
2025-07-23 01:09:14 - Key: w
2025-07-23 01:09:15 - Key: s
2025-07-23 01:09:16 - Key: s
2025-07-23 01:09:17 - Key: f
2025-07-23 01:09:18 - Key: s
2025-07-23 01:09:19 - Key: s
2025-07-23 01:09:19 - Key: s
2025-07-23 01:09:20 - Special Key: Key.alt_l
2025-07-23 01:09:20 - Special Key: Key.tab
2025-07-23 01:09:54 - Special Key: Key.ctrl_l
2025-07-23 01:09:54 - Special Key: Key.ctrl_l
2025-07-23 01:09:55 - Special Key: Key.ctrl_l
2025-07-23 01:09:55 - Special Key: Key.ctrl_l
2025-07-23 01:09:55 - Special Key: Key.ctrl_l
2025-07-23 01:09:55 - Special Key: Key.ctrl_l
2025-07-23 01:09:55 - Special Key: Key.ctrl_l
2025-07-23 01:09:55 - Special Key: Key.ctrl_l
2025-07-23 01:09:55 - Special Key: Key.ctrl_l
2025-07-23 01:09:55 - Special Key: Key.ctrl_l
2025-07-23 01:09:55 - Special Key: Key.ctrl_l
2025-07-23 01:09:55 - Special Key: Key.ctrl_l
2025-07-23 01:09:55 - Special Key: Key.ctrl_l
2025-07-23 01:09:55 - Special Key: Key.ctrl_l
2025-07-23 01:09:55 - Special Key: Key.ctrl_l
2025-07-23 01:09:55 - Special Key: Key.ctrl_l
2025-07-23 01:09:55 - Special Key: Key.ctrl_l
2025-07-23 01:09:55 - Special Key: Key.ctrl_l
2025-07-23 01:09:55 - Special Key: Key.ctrl_l
2025-07-23 01:09:55 - Key: 
2025-07-23 01:09:56 - Special Key: Key.ctrl_l
2025-07-23 01:09:56 - Key: 
2025-07-23 01:09:57 - Special Key: Key.ctrl_l
2025-07-23 01:09:57 - Key: 
2025-07-23 01:09:57 - Special Key: Key.ctrl_l
2025-07-23 01:09:57 - Key: 
2025-07-23 01:09:58 - Special Key: Key.esc
2025-07-23 01:09:59 - Special Key: Key.esc
2025-07-23 01:09:59 - Special Key: Key.esc
2025-07-23 01:09:59 - Special Key: Key.esc
2025-07-23 01:10:00 - Special Key: Key.esc
2025-07-23 01:10:00 - Special Key: Key.esc
2025-07-23 01:10:00 - Special Key: Key.esc
2025-07-23 01:10:01 - Special Key: Key.esc
2025-07-23 01:10:01 - Special Key: Key.esc
2025-07-23 01:10:01 - Special Key: Key.esc
2025-07-23 01:10:01 - Special Key: Key.esc
2025-07-23 01:10:01 - Key: `
2025-07-23 01:10:01 - Special Key: Key.esc
2025-07-23 01:10:02 - Special Key: Key.esc
